{"/Users/chengcui/Downloads/vue2-test-2/src/App.vue": {"path":"/Users/chengcui/Downloads/vue2-test-2/src/App.vue","statementMap":{"0":{"start":{"line":17,"column":0},"end":{"line":17,"column":null}},"1":{"start":{"line":18,"column":0},"end":{"line":18,"column":null}}},"fnMap":{},"branchMap":{},"s":{"0":1,"1":1},"f":{},"b":{}}
,"/Users/chengcui/Downloads/vue2-test-2/src/components/AddData.vue": {"path":"/Users/chengcui/Downloads/vue2-test-2/src/components/AddData.vue","statementMap":{"0":{"start":{"line":15,"column":0},"end":{"line":15,"column":null}}},"fnMap":{},"branchMap":{},"s":{"0":1},"f":{},"b":{}}
,"/Users/chengcui/Downloads/vue2-test-2/src/components/Table.vue": {"path":"/Users/chengcui/Downloads/vue2-test-2/src/components/Table.vue","statementMap":{"0":{"start":{"line":38,"column":0},"end":{"line":38,"column":null}},"1":{"start":{"line":39,"column":0},"end":{"line":39,"column":null}}},"fnMap":{},"branchMap":{},"s":{"0":1,"1":1},"f":{},"b":{}}
,"/Users/chengcui/Downloads/vue2-test-2/src/store/index.js": {"path":"/Users/chengcui/Downloads/vue2-test-2/src/store/index.js","statementMap":{"0":{"start":{"line":4,"column":0},"end":{"line":4,"column":13}}},"fnMap":{},"branchMap":{},"s":{"0":0},"f":{},"b":{}}
}
